<?xml version="1.0" encoding="UTF-8"?>
<testsuite name="RegistrationTests" tests="3" skipped="0" failures="0" errors="0" timestamp="2021-08-04T23:05:00" hostname="DESKTOP-HK79H6U" time="7.998">
  <properties/>
  <testcase name="signUpToTheWebshopSuccessfulAttempt()" classname="RegistrationTests" time="4.199"/>
  <testcase name="shouldOpenPrivacyStatementAndCheckTheBox()" classname="RegistrationTests" time="0.838"/>
  <testcase name="signUpToTheWebshopUnsuccessfulAttempt()" classname="RegistrationTests" time="2.958"/>
  <system-out><![CDATA[]]></system-out>
  <system-err><![CDATA[Starting ChromeDriver 92.0.4515.107 (87a818b10553a07434ea9e2b6dccf3cbe7895134-refs/branch-heads/4515@{#1634}) on port 14292
Only local connections are allowed.
Please see https://chromedriver.chromium.org/security-considerations for suggestions on keeping ChromeDriver safe.
ChromeDriver was started successfully.
Aug 05, 2021 1:05:00 AM org.openqa.selenium.remote.ProtocolHandshake createSession
INFO: Detected dialect: W3C
Aug 05, 2021 1:05:00 AM org.openqa.selenium.devtools.CdpVersionFinder findNearestMatch
WARNING: Unable to find an exact match for CDP version 92, so returning the closest version found: 91
Aug 05, 2021 1:05:00 AM org.openqa.selenium.devtools.CdpVersionFinder findNearestMatch
INFO: Found CDP implementation for version 92 of 91
]]></system-err>
</testsuite>
