<?xml version="1.0" encoding="UTF-8"?>
<testsuite name="DataEntryTestRepetitive_CSV" tests="10" skipped="0" failures="0" errors="0" timestamp="2021-08-04T23:03:47" hostname="DESKTOP-HK79H6U" time="10.967">
  <properties/>
  <testcase name="paramTest1(String, String, String, String)[1]" classname="DataEntryTestRepetitive_CSV" time="1.4"/>
  <testcase name="paramTest1(String, String, String, String)[2]" classname="DataEntryTestRepetitive_CSV" time="1.142"/>
  <testcase name="paramTest1(String, String, String, String)[3]" classname="DataEntryTestRepetitive_CSV" time="1.034"/>
  <testcase name="paramTest1(String, String, String, String)[4]" classname="DataEntryTestRepetitive_CSV" time="1.05"/>
  <testcase name="paramTest1(String, String, String, String)[5]" classname="DataEntryTestRepetitive_CSV" time="1.022"/>
  <testcase name="paramTest1(String, String, String, String)[6]" classname="DataEntryTestRepetitive_CSV" time="1.078"/>
  <testcase name="paramTest1(String, String, String, String)[7]" classname="DataEntryTestRepetitive_CSV" time="1.03"/>
  <testcase name="paramTest1(String, String, String, String)[8]" classname="DataEntryTestRepetitive_CSV" time="1.083"/>
  <testcase name="paramTest1(String, String, String, String)[9]" classname="DataEntryTestRepetitive_CSV" time="1.06"/>
  <testcase name="paramTest1(String, String, String, String)[10]" classname="DataEntryTestRepetitive_CSV" time="1.047"/>
  <system-out><![CDATA[]]></system-out>
  <system-err><![CDATA[Starting ChromeDriver 92.0.4515.107 (87a818b10553a07434ea9e2b6dccf3cbe7895134-refs/branch-heads/4515@{#1634}) on port 4411
Only local connections are allowed.
Please see https://chromedriver.chromium.org/security-considerations for suggestions on keeping ChromeDriver safe.
ChromeDriver was started successfully.
Aug 05, 2021 1:03:45 AM org.openqa.selenium.remote.ProtocolHandshake createSession
INFO: Detected dialect: W3C
Aug 05, 2021 1:03:45 AM org.openqa.selenium.devtools.CdpVersionFinder findNearestMatch
WARNING: Unable to find an exact match for CDP version 92, so returning the closest version found: 91
Aug 05, 2021 1:03:45 AM org.openqa.selenium.devtools.CdpVersionFinder findNearestMatch
INFO: Found CDP implementation for version 92 of 91
]]></system-err>
</testsuite>
